2015/03/11 03:09:52 [error] [php] Invalid argument supplied for foreach() (/usr/local/Cellar/php54/5.4.36/lib/php/yii/framework/db/schema/CDbCommandBuilder.php:670)
Stack trace:
#0 /usr/local/Cellar/php54/5.4.36/lib/php/yii/framework/web/actions/CInlineAction.php(49): ProductController->actionUpdateProductInfo()
#1 /usr/local/Cellar/php54/5.4.36/lib/php/yii/framework/web/CController.php(308): CInlineAction->runWithParams()
#2 /usr/local/Cellar/php54/5.4.36/lib/php/yii/framework/web/filters/CFilterChain.php(133): ProductController->runAction()
#3 /private/var/www/hitour.server/hitour/protected/components/AdminController.php(40): CFilterChain->run()
#4 /usr/local/Cellar/php54/5.4.36/lib/php/yii/framework/web/filters/CInlineFilter.php(58): ProductController->filterAccessControl()
#5 /usr/local/Cellar/php54/5.4.36/lib/php/yii/framework/web/filters/CFilterChain.php(130): CInlineFilter->filter()
#6 /usr/local/Cellar/php54/5.4.36/lib/php/yii/framework/web/CController.php(291): CFilterChain->run()
#7 /usr/local/Cellar/php54/5.4.36/lib/php/yii/framework/web/CController.php(265): ProductController->runActionWithFilters()
#8 /usr/local/Cellar/php54/5.4.36/lib/php/yii/framework/web/CWebApplication.php(282): ProductController->run()
#9 /usr/local/Cellar/php54/5.4.36/lib/php/yii/framework/web/CWebApplication.php(141): CWebApplication->runController()
#10 /usr/local/Cellar/php54/5.4.36/lib/php/yii/framework/base/CApplication.php(180): CWebApplication->processRequest()
#11 /private/var/www/hitour.server/hitour/index.php(13): CWebApplication->run()
REQUEST_URI=/admin/product/updateProductInfo?product_id=3810
in /private/var/www/hitour.server/hitour/protected/controllers/admin/ProductController.php (813)
in /private/var/www/hitour.server/hitour/protected/components/AdminController.php (40)
in /private/var/www/hitour.server/hitour/index.php (13)
2015/03/11 03:10:53 [error] [exception.CDbException] exception 'CDbException' with message 'Table "ht_product_expert_ref" does not have a column named "0".' in /usr/local/Cellar/php54/5.4.36/lib/php/yii/framework/db/schema/CDbCommandBuilder.php:694
Stack trace:
#0 /usr/local/Cellar/php54/5.4.36/lib/php/yii/framework/db/ar/CActiveRecord.php(1518): CDbCommandBuilder->createColumnCriteria(Object(CMysqlTableSchema), Array, '', Array, '`t`.')
#1 /private/var/www/hitour.server/hitour/protected/controllers/admin/ProductController.php(813): CActiveRecord->findByAttributes(Array)
#2 /usr/local/Cellar/php54/5.4.36/lib/php/yii/framework/web/actions/CInlineAction.php(49): ProductController->actionUpdateProductInfo()
#3 /usr/local/Cellar/php54/5.4.36/lib/php/yii/framework/web/CController.php(308): CInlineAction->runWithParams(Array)
#4 /usr/local/Cellar/php54/5.4.36/lib/php/yii/framework/web/filters/CFilterChain.php(133): CController->runAction(Object(CInlineAction))
#5 /private/var/www/hitour.server/hitour/protected/components/AdminController.php(40): CFilterChain->run()
#6 /usr/local/Cellar/php54/5.4.36/lib/php/yii/framework/web/filters/CInlineFilter.php(58): AdminController->filterAccessControl(Object(CFilterChain))
#7 /usr/local/Cellar/php54/5.4.36/lib/php/yii/framework/web/filters/CFilterChain.php(130): CInlineFilter->filter(Object(CFilterChain))
#8 /usr/local/Cellar/php54/5.4.36/lib/php/yii/framework/web/CController.php(291): CFilterChain->run()
#9 /usr/local/Cellar/php54/5.4.36/lib/php/yii/framework/web/CController.php(265): CController->runActionWithFilters(Object(CInlineAction), Array)
#10 /usr/local/Cellar/php54/5.4.36/lib/php/yii/framework/web/CWebApplication.php(282): CController->run('updateProductIn...')
#11 /usr/local/Cellar/php54/5.4.36/lib/php/yii/framework/web/CWebApplication.php(141): CWebApplication->runController('admin/product/u...')
#12 /usr/local/Cellar/php54/5.4.36/lib/php/yii/framework/base/CApplication.php(180): CWebApplication->processRequest()
#13 /private/var/www/hitour.server/hitour/index.php(13): CApplication->run()
#14 {main}
REQUEST_URI=/admin/product/updateProductInfo?product_id=3810
HTTP_REFERER=http://hitour.host/admin/product/detail?product_id=3810&qs=sortedBy:product_id;sortDir:desc;city_code:0;supplier_id:0;type:0;
---
2015/03/11 03:17:29 [error] [exception.CHttpException.404] exception 'CHttpException' with message 'The system is unable to find the requested action "test".' in /usr/local/Cellar/php54/5.4.36/lib/php/yii/framework/web/CController.php:483
Stack trace:
#0 /usr/local/Cellar/php54/5.4.36/lib/php/yii/framework/web/CController.php(270): CController->missingAction('test')
#1 /usr/local/Cellar/php54/5.4.36/lib/php/yii/framework/web/CWebApplication.php(282): CController->run('test')
#2 /usr/local/Cellar/php54/5.4.36/lib/php/yii/framework/web/CWebApplication.php(141): CWebApplication->runController('site/test')
#3 /usr/local/Cellar/php54/5.4.36/lib/php/yii/framework/base/CApplication.php(180): CWebApplication->processRequest()
#4 /private/var/www/hitour.server/hitour/index.php(13): CApplication->run()
#5 {main}
REQUEST_URI=/site/test
---
2015/03/11 03:39:50 [error] [system.db.CDbCommand] CDbCommand::fetch() failed: SQLSTATE[42000]: Syntax error or access violation: 1064 You have an error in your SQL syntax; check the manual that corresponds to your MySQL server version for the right syntax to use near 'LIMIT 1' at line 1. The SQL statement executed was: SELECT * FROM `ht_travel_expert` `t` WHERE id =  LIMIT 1.
in /private/var/www/hitour.server/hitour/protected/controllers/AppController.php (271)
in /private/var/www/hitour.server/hitour/protected/components/Controller.php (144)
in /private/var/www/hitour.server/hitour/index.php (13)
2015/03/11 03:39:50 [error] [exception.CDbException] exception 'CDbException' with message 'CDbCommand failed to execute the SQL statement: SQLSTATE[42000]: Syntax error or access violation: 1064 You have an error in your SQL syntax; check the manual that corresponds to your MySQL server version for the right syntax to use near 'LIMIT 1' at line 1. The SQL statement executed was: SELECT * FROM `ht_travel_expert` `t` WHERE id =  LIMIT 1' in /usr/local/Cellar/php54/5.4.36/lib/php/yii/framework/db/CDbCommand.php:543
Stack trace:
#0 /usr/local/Cellar/php54/5.4.36/lib/php/yii/framework/db/CDbCommand.php(415): CDbCommand->queryInternal('fetch', Array, Array)
#1 /usr/local/Cellar/php54/5.4.36/lib/php/yii/framework/db/ar/CActiveRecord.php(1351): CDbCommand->queryRow()
#2 /usr/local/Cellar/php54/5.4.36/lib/php/yii/framework/db/ar/CActiveRecord.php(1456): CActiveRecord->query(Object(CDbCriteria))
#3 /private/var/www/hitour.server/hitour/protected/controllers/AppController.php(271): CActiveRecord->find('id = ')
#4 /usr/local/Cellar/php54/5.4.36/lib/php/yii/framework/web/actions/CInlineAction.php(49): AppController->actionProductData()
#5 /usr/local/Cellar/php54/5.4.36/lib/php/yii/framework/web/CController.php(308): CInlineAction->runWithParams(Array)
#6 /usr/local/Cellar/php54/5.4.36/lib/php/yii/framework/web/filters/CFilterChain.php(133): CController->runAction(Object(CInlineAction))
#7 /private/var/www/hitour.server/hitour/protected/components/Controller.php(144): CFilterChain->run()
#8 /usr/local/Cellar/php54/5.4.36/lib/php/yii/framework/web/filters/CInlineFilter.php(58): Controller->filterAccessControl(Object(CFilterChain))
#9 /usr/local/Cellar/php54/5.4.36/lib/php/yii/framework/web/filters/CFilterChain.php(130): CInlineFilter->filter(Object(CFilterChain))
#10 /usr/local/Cellar/php54/5.4.36/lib/php/yii/framework/web/CController.php(291): CFilterChain->run()
#11 /usr/local/Cellar/php54/5.4.36/lib/php/yii/framework/web/CController.php(265): CController->runActionWithFilters(Object(CInlineAction), Array)
#12 /usr/local/Cellar/php54/5.4.36/lib/php/yii/framework/web/CWebApplication.php(282): CController->run('productData')
#13 /usr/local/Cellar/php54/5.4.36/lib/php/yii/framework/web/CWebApplication.php(141): CWebApplication->runController('app/productData...')
#14 /usr/local/Cellar/php54/5.4.36/lib/php/yii/framework/base/CApplication.php(180): CWebApplication->processRequest()
#15 /private/var/www/hitour.server/hitour/index.php(13): CApplication->run()
#16 {main}
REQUEST_URI=/app/productData/product_id/2934
---
2015/03/11 03:40:54 [error] [php] Undefined index: description (/private/var/www/hitour.server/hitour/protected/service/Product.php:98)
Stack trace:
#0 /usr/local/Cellar/php54/5.4.36/lib/php/yii/framework/web/CController.php(308): CInlineAction->runWithParams()
#1 /usr/local/Cellar/php54/5.4.36/lib/php/yii/framework/web/filters/CFilterChain.php(133): AppController->runAction()
#2 /private/var/www/hitour.server/hitour/protected/components/Controller.php(144): CFilterChain->run()
#3 /usr/local/Cellar/php54/5.4.36/lib/php/yii/framework/web/filters/CInlineFilter.php(58): AppController->filterAccessControl()
#4 /usr/local/Cellar/php54/5.4.36/lib/php/yii/framework/web/filters/CFilterChain.php(130): CInlineFilter->filter()
#5 /usr/local/Cellar/php54/5.4.36/lib/php/yii/framework/web/CController.php(291): CFilterChain->run()
#6 /usr/local/Cellar/php54/5.4.36/lib/php/yii/framework/web/CController.php(265): AppController->runActionWithFilters()
#7 /usr/local/Cellar/php54/5.4.36/lib/php/yii/framework/web/CWebApplication.php(282): AppController->run()
#8 /usr/local/Cellar/php54/5.4.36/lib/php/yii/framework/web/CWebApplication.php(141): CWebApplication->runController()
#9 /usr/local/Cellar/php54/5.4.36/lib/php/yii/framework/base/CApplication.php(180): CWebApplication->processRequest()
#10 /private/var/www/hitour.server/hitour/index.php(13): CWebApplication->run()
REQUEST_URI=/app/productData/product_id=2934
in /private/var/www/hitour.server/hitour/protected/service/Product.php (98)
in /private/var/www/hitour.server/hitour/protected/controllers/AppController.php (214)
in /private/var/www/hitour.server/hitour/protected/components/Controller.php (144)
2015/03/11 03:41:08 [error] [php] Undefined index: description (/private/var/www/hitour.server/hitour/protected/service/Product.php:98)
Stack trace:
#0 /usr/local/Cellar/php54/5.4.36/lib/php/yii/framework/web/CController.php(308): CInlineAction->runWithParams()
#1 /usr/local/Cellar/php54/5.4.36/lib/php/yii/framework/web/filters/CFilterChain.php(133): AppController->runAction()
#2 /private/var/www/hitour.server/hitour/protected/components/Controller.php(144): CFilterChain->run()
#3 /usr/local/Cellar/php54/5.4.36/lib/php/yii/framework/web/filters/CInlineFilter.php(58): AppController->filterAccessControl()
#4 /usr/local/Cellar/php54/5.4.36/lib/php/yii/framework/web/filters/CFilterChain.php(130): CInlineFilter->filter()
#5 /usr/local/Cellar/php54/5.4.36/lib/php/yii/framework/web/CController.php(291): CFilterChain->run()
#6 /usr/local/Cellar/php54/5.4.36/lib/php/yii/framework/web/CController.php(265): AppController->runActionWithFilters()
#7 /usr/local/Cellar/php54/5.4.36/lib/php/yii/framework/web/CWebApplication.php(282): AppController->run()
#8 /usr/local/Cellar/php54/5.4.36/lib/php/yii/framework/web/CWebApplication.php(141): CWebApplication->runController()
#9 /usr/local/Cellar/php54/5.4.36/lib/php/yii/framework/base/CApplication.php(180): CWebApplication->processRequest()
#10 /private/var/www/hitour.server/hitour/index.php(13): CWebApplication->run()
REQUEST_URI=/app/productData/product_id=3810
in /private/var/www/hitour.server/hitour/protected/service/Product.php (98)
in /private/var/www/hitour.server/hitour/protected/controllers/AppController.php (214)
in /private/var/www/hitour.server/hitour/protected/components/Controller.php (144)
2015/03/11 03:42:41 [error] [php] Undefined index: description (/private/var/www/hitour.server/hitour/protected/service/Product.php:98)
Stack trace:
#0 /usr/local/Cellar/php54/5.4.36/lib/php/yii/framework/web/CController.php(308): CInlineAction->runWithParams()
#1 /usr/local/Cellar/php54/5.4.36/lib/php/yii/framework/web/filters/CFilterChain.php(133): AppController->runAction()
#2 /private/var/www/hitour.server/hitour/protected/components/Controller.php(144): CFilterChain->run()
#3 /usr/local/Cellar/php54/5.4.36/lib/php/yii/framework/web/filters/CInlineFilter.php(58): AppController->filterAccessControl()
#4 /usr/local/Cellar/php54/5.4.36/lib/php/yii/framework/web/filters/CFilterChain.php(130): CInlineFilter->filter()
#5 /usr/local/Cellar/php54/5.4.36/lib/php/yii/framework/web/CController.php(291): CFilterChain->run()
#6 /usr/local/Cellar/php54/5.4.36/lib/php/yii/framework/web/CController.php(265): AppController->runActionWithFilters()
#7 /usr/local/Cellar/php54/5.4.36/lib/php/yii/framework/web/CWebApplication.php(282): AppController->run()
#8 /usr/local/Cellar/php54/5.4.36/lib/php/yii/framework/web/CWebApplication.php(141): CWebApplication->runController()
#9 /usr/local/Cellar/php54/5.4.36/lib/php/yii/framework/base/CApplication.php(180): CWebApplication->processRequest()
#10 /private/var/www/hitour.server/hitour/index.php(13): CWebApplication->run()
REQUEST_URI=/app/productData/product_id=3809
in /private/var/www/hitour.server/hitour/protected/service/Product.php (98)
in /private/var/www/hitour.server/hitour/protected/controllers/AppController.php (214)
in /private/var/www/hitour.server/hitour/protected/components/Controller.php (144)
2015/03/11 03:42:47 [error] [php] Undefined index: description (/private/var/www/hitour.server/hitour/protected/service/Product.php:98)
Stack trace:
#0 /usr/local/Cellar/php54/5.4.36/lib/php/yii/framework/web/CController.php(308): CInlineAction->runWithParams()
#1 /usr/local/Cellar/php54/5.4.36/lib/php/yii/framework/web/filters/CFilterChain.php(133): AppController->runAction()
#2 /private/var/www/hitour.server/hitour/protected/components/Controller.php(144): CFilterChain->run()
#3 /usr/local/Cellar/php54/5.4.36/lib/php/yii/framework/web/filters/CInlineFilter.php(58): AppController->filterAccessControl()
#4 /usr/local/Cellar/php54/5.4.36/lib/php/yii/framework/web/filters/CFilterChain.php(130): CInlineFilter->filter()
#5 /usr/local/Cellar/php54/5.4.36/lib/php/yii/framework/web/CController.php(291): CFilterChain->run()
#6 /usr/local/Cellar/php54/5.4.36/lib/php/yii/framework/web/CController.php(265): AppController->runActionWithFilters()
#7 /usr/local/Cellar/php54/5.4.36/lib/php/yii/framework/web/CWebApplication.php(282): AppController->run()
#8 /usr/local/Cellar/php54/5.4.36/lib/php/yii/framework/web/CWebApplication.php(141): CWebApplication->runController()
#9 /usr/local/Cellar/php54/5.4.36/lib/php/yii/framework/base/CApplication.php(180): CWebApplication->processRequest()
#10 /private/var/www/hitour.server/hitour/index.php(13): CWebApplication->run()
REQUEST_URI=/app/productData/product_id=3810
in /private/var/www/hitour.server/hitour/protected/service/Product.php (98)
in /private/var/www/hitour.server/hitour/protected/controllers/AppController.php (214)
in /private/var/www/hitour.server/hitour/protected/components/Controller.php (144)
2015/03/11 03:43:17 [error] [php] Undefined index: description (/private/var/www/hitour.server/hitour/protected/service/Product.php:98)
Stack trace:
#0 /usr/local/Cellar/php54/5.4.36/lib/php/yii/framework/web/CController.php(308): CInlineAction->runWithParams()
#1 /usr/local/Cellar/php54/5.4.36/lib/php/yii/framework/web/filters/CFilterChain.php(133): AppController->runAction()
#2 /private/var/www/hitour.server/hitour/protected/components/Controller.php(144): CFilterChain->run()
#3 /usr/local/Cellar/php54/5.4.36/lib/php/yii/framework/web/filters/CInlineFilter.php(58): AppController->filterAccessControl()
#4 /usr/local/Cellar/php54/5.4.36/lib/php/yii/framework/web/filters/CFilterChain.php(130): CInlineFilter->filter()
#5 /usr/local/Cellar/php54/5.4.36/lib/php/yii/framework/web/CController.php(291): CFilterChain->run()
#6 /usr/local/Cellar/php54/5.4.36/lib/php/yii/framework/web/CController.php(265): AppController->runActionWithFilters()
#7 /usr/local/Cellar/php54/5.4.36/lib/php/yii/framework/web/CWebApplication.php(282): AppController->run()
#8 /usr/local/Cellar/php54/5.4.36/lib/php/yii/framework/web/CWebApplication.php(141): CWebApplication->runController()
#9 /usr/local/Cellar/php54/5.4.36/lib/php/yii/framework/base/CApplication.php(180): CWebApplication->processRequest()
#10 /private/var/www/hitour.server/hitour/index.php(13): CWebApplication->run()
REQUEST_URI=/app/productData/product_id=3810
in /private/var/www/hitour.server/hitour/protected/service/Product.php (98)
in /private/var/www/hitour.server/hitour/protected/controllers/AppController.php (214)
in /private/var/www/hitour.server/hitour/protected/components/Controller.php (144)
2015/03/11 03:49:00 [error] [php] Undefined index: description (/private/var/www/hitour.server/hitour/protected/service/Product.php:98)
Stack trace:
#0 /usr/local/Cellar/php54/5.4.36/lib/php/yii/framework/web/CController.php(308): CInlineAction->runWithParams()
#1 /usr/local/Cellar/php54/5.4.36/lib/php/yii/framework/web/filters/CFilterChain.php(133): AppController->runAction()
#2 /private/var/www/hitour.server/hitour/protected/components/Controller.php(144): CFilterChain->run()
#3 /usr/local/Cellar/php54/5.4.36/lib/php/yii/framework/web/filters/CInlineFilter.php(58): AppController->filterAccessControl()
#4 /usr/local/Cellar/php54/5.4.36/lib/php/yii/framework/web/filters/CFilterChain.php(130): CInlineFilter->filter()
#5 /usr/local/Cellar/php54/5.4.36/lib/php/yii/framework/web/CController.php(291): CFilterChain->run()
#6 /usr/local/Cellar/php54/5.4.36/lib/php/yii/framework/web/CController.php(265): AppController->runActionWithFilters()
#7 /usr/local/Cellar/php54/5.4.36/lib/php/yii/framework/web/CWebApplication.php(282): AppController->run()
#8 /usr/local/Cellar/php54/5.4.36/lib/php/yii/framework/web/CWebApplication.php(141): CWebApplication->runController()
#9 /usr/local/Cellar/php54/5.4.36/lib/php/yii/framework/base/CApplication.php(180): CWebApplication->processRequest()
#10 /private/var/www/hitour.server/hitour/index.php(13): CWebApplication->run()
REQUEST_URI=/app/productData/product_id=3810
in /private/var/www/hitour.server/hitour/protected/service/Product.php (98)
in /private/var/www/hitour.server/hitour/protected/controllers/AppController.php (214)
in /private/var/www/hitour.server/hitour/protected/components/Controller.php (144)
2015/03/11 05:04:47 [error] [php] Undefined offset: 0 (/private/var/www/hitour.server/hitour/protected/controllers/admin/ProductController.php:721)
Stack trace:
#0 /usr/local/Cellar/php54/5.4.36/lib/php/yii/framework/web/actions/CInlineAction.php(47): CInlineAction->runWithParamsInternal()
#1 /usr/local/Cellar/php54/5.4.36/lib/php/yii/framework/web/CController.php(308): CInlineAction->runWithParams()
#2 /usr/local/Cellar/php54/5.4.36/lib/php/yii/framework/web/filters/CFilterChain.php(133): ProductController->runAction()
#3 /private/var/www/hitour.server/hitour/protected/components/AdminController.php(40): CFilterChain->run()
#4 /usr/local/Cellar/php54/5.4.36/lib/php/yii/framework/web/filters/CInlineFilter.php(58): ProductController->filterAccessControl()
#5 /usr/local/Cellar/php54/5.4.36/lib/php/yii/framework/web/filters/CFilterChain.php(130): CInlineFilter->filter()
#6 /usr/local/Cellar/php54/5.4.36/lib/php/yii/framework/web/CController.php(291): CFilterChain->run()
#7 /usr/local/Cellar/php54/5.4.36/lib/php/yii/framework/web/CController.php(265): ProductController->runActionWithFilters()
#8 /usr/local/Cellar/php54/5.4.36/lib/php/yii/framework/web/CWebApplication.php(282): ProductController->run()
#9 /usr/local/Cellar/php54/5.4.36/lib/php/yii/framework/web/CWebApplication.php(141): CWebApplication->runController()
#10 /usr/local/Cellar/php54/5.4.36/lib/php/yii/framework/base/CApplication.php(180): CWebApplication->processRequest()
#11 /private/var/www/hitour.server/hitour/index.php(13): CWebApplication->run()
REQUEST_URI=/admin/product/getProductInfo?product_id=2932
in /private/var/www/hitour.server/hitour/protected/controllers/admin/ProductController.php (721)
in /private/var/www/hitour.server/hitour/protected/components/AdminController.php (40)
in /private/var/www/hitour.server/hitour/index.php (13)
2015/03/11 05:04:56 [error] [php] Undefined offset: 0 (/private/var/www/hitour.server/hitour/protected/controllers/admin/ProductController.php:721)
Stack trace:
#0 /usr/local/Cellar/php54/5.4.36/lib/php/yii/framework/web/actions/CInlineAction.php(47): CInlineAction->runWithParamsInternal()
#1 /usr/local/Cellar/php54/5.4.36/lib/php/yii/framework/web/CController.php(308): CInlineAction->runWithParams()
#2 /usr/local/Cellar/php54/5.4.36/lib/php/yii/framework/web/filters/CFilterChain.php(133): ProductController->runAction()
#3 /private/var/www/hitour.server/hitour/protected/components/AdminController.php(40): CFilterChain->run()
#4 /usr/local/Cellar/php54/5.4.36/lib/php/yii/framework/web/filters/CInlineFilter.php(58): ProductController->filterAccessControl()
#5 /usr/local/Cellar/php54/5.4.36/lib/php/yii/framework/web/filters/CFilterChain.php(130): CInlineFilter->filter()
#6 /usr/local/Cellar/php54/5.4.36/lib/php/yii/framework/web/CController.php(291): CFilterChain->run()
#7 /usr/local/Cellar/php54/5.4.36/lib/php/yii/framework/web/CController.php(265): ProductController->runActionWithFilters()
#8 /usr/local/Cellar/php54/5.4.36/lib/php/yii/framework/web/CWebApplication.php(282): ProductController->run()
#9 /usr/local/Cellar/php54/5.4.36/lib/php/yii/framework/web/CWebApplication.php(141): CWebApplication->runController()
#10 /usr/local/Cellar/php54/5.4.36/lib/php/yii/framework/base/CApplication.php(180): CWebApplication->processRequest()
#11 /private/var/www/hitour.server/hitour/index.php(13): CWebApplication->run()
REQUEST_URI=/admin/product/getProductInfo?product_id=2932
in /private/var/www/hitour.server/hitour/protected/controllers/admin/ProductController.php (721)
in /private/var/www/hitour.server/hitour/protected/components/AdminController.php (40)
in /private/var/www/hitour.server/hitour/index.php (13)
2015/03/11 05:05:08 [error] [php] Undefined offset: 0 (/private/var/www/hitour.server/hitour/protected/controllers/admin/ProductController.php:721)
Stack trace:
#0 /usr/local/Cellar/php54/5.4.36/lib/php/yii/framework/web/actions/CInlineAction.php(47): CInlineAction->runWithParamsInternal()
#1 /usr/local/Cellar/php54/5.4.36/lib/php/yii/framework/web/CController.php(308): CInlineAction->runWithParams()
#2 /usr/local/Cellar/php54/5.4.36/lib/php/yii/framework/web/filters/CFilterChain.php(133): ProductController->runAction()
#3 /private/var/www/hitour.server/hitour/protected/components/AdminController.php(40): CFilterChain->run()
#4 /usr/local/Cellar/php54/5.4.36/lib/php/yii/framework/web/filters/CInlineFilter.php(58): ProductController->filterAccessControl()
#5 /usr/local/Cellar/php54/5.4.36/lib/php/yii/framework/web/filters/CFilterChain.php(130): CInlineFilter->filter()
#6 /usr/local/Cellar/php54/5.4.36/lib/php/yii/framework/web/CController.php(291): CFilterChain->run()
#7 /usr/local/Cellar/php54/5.4.36/lib/php/yii/framework/web/CController.php(265): ProductController->runActionWithFilters()
#8 /usr/local/Cellar/php54/5.4.36/lib/php/yii/framework/web/CWebApplication.php(282): ProductController->run()
#9 /usr/local/Cellar/php54/5.4.36/lib/php/yii/framework/web/CWebApplication.php(141): CWebApplication->runController()
#10 /usr/local/Cellar/php54/5.4.36/lib/php/yii/framework/base/CApplication.php(180): CWebApplication->processRequest()
#11 /private/var/www/hitour.server/hitour/index.php(13): CWebApplication->run()
REQUEST_URI=/admin/product/getProductInfo?product_id=2932
in /private/var/www/hitour.server/hitour/protected/controllers/admin/ProductController.php (721)
in /private/var/www/hitour.server/hitour/protected/components/AdminController.php (40)
in /private/var/www/hitour.server/hitour/index.php (13)
2015/03/11 05:05:15 [error] [php] Undefined offset: 0 (/private/var/www/hitour.server/hitour/protected/controllers/admin/ProductController.php:721)
Stack trace:
#0 /usr/local/Cellar/php54/5.4.36/lib/php/yii/framework/web/actions/CInlineAction.php(47): CInlineAction->runWithParamsInternal()
#1 /usr/local/Cellar/php54/5.4.36/lib/php/yii/framework/web/CController.php(308): CInlineAction->runWithParams()
#2 /usr/local/Cellar/php54/5.4.36/lib/php/yii/framework/web/filters/CFilterChain.php(133): ProductController->runAction()
#3 /private/var/www/hitour.server/hitour/protected/components/AdminController.php(40): CFilterChain->run()
#4 /usr/local/Cellar/php54/5.4.36/lib/php/yii/framework/web/filters/CInlineFilter.php(58): ProductController->filterAccessControl()
#5 /usr/local/Cellar/php54/5.4.36/lib/php/yii/framework/web/filters/CFilterChain.php(130): CInlineFilter->filter()
#6 /usr/local/Cellar/php54/5.4.36/lib/php/yii/framework/web/CController.php(291): CFilterChain->run()
#7 /usr/local/Cellar/php54/5.4.36/lib/php/yii/framework/web/CController.php(265): ProductController->runActionWithFilters()
#8 /usr/local/Cellar/php54/5.4.36/lib/php/yii/framework/web/CWebApplication.php(282): ProductController->run()
#9 /usr/local/Cellar/php54/5.4.36/lib/php/yii/framework/web/CWebApplication.php(141): CWebApplication->runController()
#10 /usr/local/Cellar/php54/5.4.36/lib/php/yii/framework/base/CApplication.php(180): CWebApplication->processRequest()
#11 /private/var/www/hitour.server/hitour/index.php(13): CWebApplication->run()
REQUEST_URI=/admin/product/getProductInfo?product_id=2932
in /private/var/www/hitour.server/hitour/protected/controllers/admin/ProductController.php (721)
in /private/var/www/hitour.server/hitour/protected/components/AdminController.php (40)
in /private/var/www/hitour.server/hitour/index.php (13)
2015/03/11 05:05:15 [error] [php] Undefined offset: 0 (/private/var/www/hitour.server/hitour/protected/controllers/admin/ProductController.php:721)
Stack trace:
#0 /usr/local/Cellar/php54/5.4.36/lib/php/yii/framework/web/actions/CInlineAction.php(47): CInlineAction->runWithParamsInternal()
#1 /usr/local/Cellar/php54/5.4.36/lib/php/yii/framework/web/CController.php(308): CInlineAction->runWithParams()
#2 /usr/local/Cellar/php54/5.4.36/lib/php/yii/framework/web/filters/CFilterChain.php(133): ProductController->runAction()
#3 /private/var/www/hitour.server/hitour/protected/components/AdminController.php(40): CFilterChain->run()
#4 /usr/local/Cellar/php54/5.4.36/lib/php/yii/framework/web/filters/CInlineFilter.php(58): ProductController->filterAccessControl()
#5 /usr/local/Cellar/php54/5.4.36/lib/php/yii/framework/web/filters/CFilterChain.php(130): CInlineFilter->filter()
#6 /usr/local/Cellar/php54/5.4.36/lib/php/yii/framework/web/CController.php(291): CFilterChain->run()
#7 /usr/local/Cellar/php54/5.4.36/lib/php/yii/framework/web/CController.php(265): ProductController->runActionWithFilters()
#8 /usr/local/Cellar/php54/5.4.36/lib/php/yii/framework/web/CWebApplication.php(282): ProductController->run()
#9 /usr/local/Cellar/php54/5.4.36/lib/php/yii/framework/web/CWebApplication.php(141): CWebApplication->runController()
#10 /usr/local/Cellar/php54/5.4.36/lib/php/yii/framework/base/CApplication.php(180): CWebApplication->processRequest()
#11 /private/var/www/hitour.server/hitour/index.php(13): CWebApplication->run()
REQUEST_URI=/admin/product/getProductInfo?product_id=2932
in /private/var/www/hitour.server/hitour/protected/controllers/admin/ProductController.php (721)
in /private/var/www/hitour.server/hitour/protected/components/AdminController.php (40)
in /private/var/www/hitour.server/hitour/index.php (13)
2015/03/11 05:19:17 [error] [exception.CHttpException.404] exception 'CHttpException' with message 'The system is unable to find the requested action "practise".' in /usr/local/Cellar/php54/5.4.36/lib/php/yii/framework/web/CController.php:483
Stack trace:
#0 /usr/local/Cellar/php54/5.4.36/lib/php/yii/framework/web/CController.php(270): CController->missingAction('practise')
#1 /usr/local/Cellar/php54/5.4.36/lib/php/yii/framework/web/CWebApplication.php(282): CController->run('practise')
#2 /usr/local/Cellar/php54/5.4.36/lib/php/yii/framework/web/CWebApplication.php(141): CWebApplication->runController('site/practise')
#3 /usr/local/Cellar/php54/5.4.36/lib/php/yii/framework/base/CApplication.php(180): CWebApplication->processRequest()
#4 /private/var/www/hitour.server/hitour/index.php(13): CApplication->run()
#5 {main}
REQUEST_URI=/site/practise
---
2015/03/11 07:04:22 [error] [exception.CException] exception 'CException' with message 'Property "HtProductDateRule.buy_in_advance_time" is not defined.' in /usr/local/Cellar/php54/5.4.36/lib/php/yii/framework/base/CComponent.php:130
Stack trace:
#0 /usr/local/Cellar/php54/5.4.36/lib/php/yii/framework/db/ar/CActiveRecord.php(145): CComponent->__get('buy_in_advance_...')
#1 /private/var/www/hitour.server/hitour/protected/models/HtProductDateRule.php(165): CActiveRecord->__get('buy_in_advance_...')
#2 /private/var/www/hitour.server/hitour/protected/models/HtProduct.php(609): HtProductDateRule->getBuyDesc()
#3 /private/var/www/hitour.server/hitour/protected/controllers/admin/ProductController.php(884): HtProduct->getRuleDesc(2931)
#4 /usr/local/Cellar/php54/5.4.36/lib/php/yii/framework/web/actions/CInlineAction.php(49): ProductController->actionGetProductRules()
#5 /usr/local/Cellar/php54/5.4.36/lib/php/yii/framework/web/CController.php(308): CInlineAction->runWithParams(Array)
#6 /usr/local/Cellar/php54/5.4.36/lib/php/yii/framework/web/filters/CFilterChain.php(133): CController->runAction(Object(CInlineAction))
#7 /private/var/www/hitour.server/hitour/protected/components/AdminController.php(40): CFilterChain->run()
#8 /usr/local/Cellar/php54/5.4.36/lib/php/yii/framework/web/filters/CInlineFilter.php(58): AdminController->filterAccessControl(Object(CFilterChain))
#9 /usr/local/Cellar/php54/5.4.36/lib/php/yii/framework/web/filters/CFilterChain.php(130): CInlineFilter->filter(Object(CFilterChain))
#10 /usr/local/Cellar/php54/5.4.36/lib/php/yii/framework/web/CController.php(291): CFilterChain->run()
#11 /usr/local/Cellar/php54/5.4.36/lib/php/yii/framework/web/CController.php(265): CController->runActionWithFilters(Object(CInlineAction), Array)
#12 /usr/local/Cellar/php54/5.4.36/lib/php/yii/framework/web/CWebApplication.php(282): CController->run('getProductRules')
#13 /usr/local/Cellar/php54/5.4.36/lib/php/yii/framework/web/CWebApplication.php(141): CWebApplication->runController('admin/product/g...')
#14 /usr/local/Cellar/php54/5.4.36/lib/php/yii/framework/base/CApplication.php(180): CWebApplication->processRequest()
#15 /private/var/www/hitour.server/hitour/index.php(13): CApplication->run()
#16 {main}
REQUEST_URI=/admin/product/getProductRules?product_id=2931
HTTP_REFERER=http://hitour.host/admin/product/detail?product_id=2931&qs=sortedBy:product_id;sortDir:desc;city_code:0;supplier_id:0;product:2932;type:0;
---
2015/03/11 07:05:27 [error] [exception.CException] exception 'CException' with message 'Property "HtProductDateRule.buy_in_advance_time" is not defined.' in /usr/local/Cellar/php54/5.4.36/lib/php/yii/framework/base/CComponent.php:130
Stack trace:
#0 /usr/local/Cellar/php54/5.4.36/lib/php/yii/framework/db/ar/CActiveRecord.php(145): CComponent->__get('buy_in_advance_...')
#1 /private/var/www/hitour.server/hitour/protected/models/HtProductDateRule.php(165): CActiveRecord->__get('buy_in_advance_...')
#2 /private/var/www/hitour.server/hitour/protected/models/HtProduct.php(609): HtProductDateRule->getBuyDesc()
#3 /private/var/www/hitour.server/hitour/protected/controllers/admin/ProductController.php(884): HtProduct->getRuleDesc(3810)
#4 /usr/local/Cellar/php54/5.4.36/lib/php/yii/framework/web/actions/CInlineAction.php(49): ProductController->actionGetProductRules()
#5 /usr/local/Cellar/php54/5.4.36/lib/php/yii/framework/web/CController.php(308): CInlineAction->runWithParams(Array)
#6 /usr/local/Cellar/php54/5.4.36/lib/php/yii/framework/web/filters/CFilterChain.php(133): CController->runAction(Object(CInlineAction))
#7 /private/var/www/hitour.server/hitour/protected/components/AdminController.php(40): CFilterChain->run()
#8 /usr/local/Cellar/php54/5.4.36/lib/php/yii/framework/web/filters/CInlineFilter.php(58): AdminController->filterAccessControl(Object(CFilterChain))
#9 /usr/local/Cellar/php54/5.4.36/lib/php/yii/framework/web/filters/CFilterChain.php(130): CInlineFilter->filter(Object(CFilterChain))
#10 /usr/local/Cellar/php54/5.4.36/lib/php/yii/framework/web/CController.php(291): CFilterChain->run()
#11 /usr/local/Cellar/php54/5.4.36/lib/php/yii/framework/web/CController.php(265): CController->runActionWithFilters(Object(CInlineAction), Array)
#12 /usr/local/Cellar/php54/5.4.36/lib/php/yii/framework/web/CWebApplication.php(282): CController->run('getProductRules')
#13 /usr/local/Cellar/php54/5.4.36/lib/php/yii/framework/web/CWebApplication.php(141): CWebApplication->runController('admin/product/g...')
#14 /usr/local/Cellar/php54/5.4.36/lib/php/yii/framework/base/CApplication.php(180): CWebApplication->processRequest()
#15 /private/var/www/hitour.server/hitour/index.php(13): CApplication->run()
#16 {main}
REQUEST_URI=/admin/product/getProductRules?product_id=3810
HTTP_REFERER=http://hitour.host/admin/product/detail?product_id=3810&qs=sortedBy:product_id;sortDir:desc;city_code:0;supplier_id:0;type:0;
---
2015/03/11 07:05:50 [error] [exception.CException] exception 'CException' with message 'Property "HtProductDateRule.buy_in_advance_time" is not defined.' in /usr/local/Cellar/php54/5.4.36/lib/php/yii/framework/base/CComponent.php:130
Stack trace:
#0 /usr/local/Cellar/php54/5.4.36/lib/php/yii/framework/db/ar/CActiveRecord.php(145): CComponent->__get('buy_in_advance_...')
#1 /private/var/www/hitour.server/hitour/protected/models/HtProductDateRule.php(165): CActiveRecord->__get('buy_in_advance_...')
#2 /private/var/www/hitour.server/hitour/protected/models/HtProduct.php(609): HtProductDateRule->getBuyDesc()
#3 /private/var/www/hitour.server/hitour/protected/controllers/admin/ProductController.php(884): HtProduct->getRuleDesc(3810)
#4 /usr/local/Cellar/php54/5.4.36/lib/php/yii/framework/web/actions/CInlineAction.php(49): ProductController->actionGetProductRules()
#5 /usr/local/Cellar/php54/5.4.36/lib/php/yii/framework/web/CController.php(308): CInlineAction->runWithParams(Array)
#6 /usr/local/Cellar/php54/5.4.36/lib/php/yii/framework/web/filters/CFilterChain.php(133): CController->runAction(Object(CInlineAction))
#7 /private/var/www/hitour.server/hitour/protected/components/AdminController.php(40): CFilterChain->run()
#8 /usr/local/Cellar/php54/5.4.36/lib/php/yii/framework/web/filters/CInlineFilter.php(58): AdminController->filterAccessControl(Object(CFilterChain))
#9 /usr/local/Cellar/php54/5.4.36/lib/php/yii/framework/web/filters/CFilterChain.php(130): CInlineFilter->filter(Object(CFilterChain))
#10 /usr/local/Cellar/php54/5.4.36/lib/php/yii/framework/web/CController.php(291): CFilterChain->run()
#11 /usr/local/Cellar/php54/5.4.36/lib/php/yii/framework/web/CController.php(265): CController->runActionWithFilters(Object(CInlineAction), Array)
#12 /usr/local/Cellar/php54/5.4.36/lib/php/yii/framework/web/CWebApplication.php(282): CController->run('getProductRules')
#13 /usr/local/Cellar/php54/5.4.36/lib/php/yii/framework/web/CWebApplication.php(141): CWebApplication->runController('admin/product/g...')
#14 /usr/local/Cellar/php54/5.4.36/lib/php/yii/framework/base/CApplication.php(180): CWebApplication->processRequest()
#15 /private/var/www/hitour.server/hitour/index.php(13): CApplication->run()
#16 {main}
REQUEST_URI=/admin/product/getProductRules?product_id=3810
HTTP_REFERER=http://hitour.host/admin/product/detail?product_id=3810&qs=sortedBy:product_id;sortDir:desc;city_code:0;supplier_id:0;type:0;
---
2015/03/12 03:23:18 [info] [application] Order[14531] supplier_feedback_type[2] voucher_ref is empty, so stock failed.
in /private/var/www/hitour.server/hitour/protected/service/Order.php (1522)
in /private/var/www/hitour.server/hitour/protected/service/Order.php (1458)
in /private/var/www/hitour.server/hitour/protected/controllers/admin/OrderController.php (270)
2015/03/12 06:19:56 [error] [exception.CHttpException.404] exception 'CHttpException' with message 'Unable to resolve the request "{{content.image_url}}".' in /usr/local/Cellar/php54/5.4.36/lib/php/yii/framework/web/CWebApplication.php:286
Stack trace:
#0 /usr/local/Cellar/php54/5.4.36/lib/php/yii/framework/web/CWebApplication.php(141): CWebApplication->runController('{{content.image...')
#1 /usr/local/Cellar/php54/5.4.36/lib/php/yii/framework/base/CApplication.php(180): CWebApplication->processRequest()
#2 /private/var/www/hitour.server/hitour/index.php(13): CApplication->run()
#3 {main}
REQUEST_URI=/%7B%7Bcontent.image_url%7D%7D?imageView/5/w/640/h/327
HTTP_REFERER=http://hitour.host/admin/article/edit?article_id=82
---
2015/03/12 09:41:03 [error] [exception.CHttpException.404] exception 'CHttpException' with message 'Unable to resolve the request "themes/public/bower_components/HiUI/Carousel/carousel.css.map".' in /usr/local/Cellar/php54/5.4.36/lib/php/yii/framework/web/CWebApplication.php:286
Stack trace:
#0 /usr/local/Cellar/php54/5.4.36/lib/php/yii/framework/web/CWebApplication.php(141): CWebApplication->runController('themes/public/b...')
#1 /usr/local/Cellar/php54/5.4.36/lib/php/yii/framework/base/CApplication.php(180): CWebApplication->processRequest()
#2 /private/var/www/hitour.server/hitour/index.php(13): CApplication->run()
#3 {main}
REQUEST_URI=/themes/public/bower_components/HiUI/Carousel/carousel.css.map
HTTP_REFERER=http://hitour.host/country/index?en_name=New_Zealand
---
2015/03/12 09:41:04 [error] [exception.CHttpException.404] exception 'CHttpException' with message 'Unable to resolve the request "themes/public/bower_components/HiUI/Carousel/carousel.css.map".' in /usr/local/Cellar/php54/5.4.36/lib/php/yii/framework/web/CWebApplication.php:286
Stack trace:
#0 /usr/local/Cellar/php54/5.4.36/lib/php/yii/framework/web/CWebApplication.php(141): CWebApplication->runController('themes/public/b...')
#1 /usr/local/Cellar/php54/5.4.36/lib/php/yii/framework/base/CApplication.php(180): CWebApplication->processRequest()
#2 /private/var/www/hitour.server/hitour/index.php(13): CApplication->run()
#3 {main}
REQUEST_URI=/themes/public/bower_components/HiUI/Carousel/carousel.css.map
HTTP_REFERER=http://hitour.host/country/index?en_name=New_Zealand
---
